<?xml version="1.0" encoding="UTF-8"?>
<testsuite name="com.spring.example.Config101ApplicationTest" tests="1" skipped="0" failures="0" errors="0" timestamp="2020-05-13T17:52:52" hostname="dsa201049" time="0.213">
  <properties/>
  <testcase name="contextLoads()" classname="com.spring.example.Config101ApplicationTest" time="0.213"/>
  <system-out><![CDATA[19:52:21.116 [Test worker] DEBUG org.springframework.test.context.BootstrapUtils - Instantiating CacheAwareContextLoaderDelegate from class [org.springframework.test.context.cache.DefaultCacheAwareContextLoaderDelegate]
19:52:21.130 [Test worker] DEBUG org.springframework.test.context.BootstrapUtils - Instantiating BootstrapContext using constructor [public org.springframework.test.context.support.DefaultBootstrapContext(java.lang.Class,org.springframework.test.context.CacheAwareContextLoaderDelegate)]
19:52:21.162 [Test worker] DEBUG org.springframework.test.context.BootstrapUtils - Instantiating TestContextBootstrapper for test class [com.spring.example.Config101ApplicationTest] from class [org.springframework.boot.test.context.SpringBootTestContextBootstrapper]
19:52:21.174 [Test worker] INFO org.springframework.boot.test.context.SpringBootTestContextBootstrapper - Neither @ContextConfiguration nor @ContextHierarchy found for test class [com.spring.example.Config101ApplicationTest], using SpringBootContextLoader
19:52:21.180 [Test worker] DEBUG org.springframework.test.context.support.AbstractContextLoader - Did not detect default resource location for test class [com.spring.example.Config101ApplicationTest]: class path resource [com/spring/example/Config101ApplicationTest-context.xml] does not exist
19:52:21.180 [Test worker] DEBUG org.springframework.test.context.support.AbstractContextLoader - Did not detect default resource location for test class [com.spring.example.Config101ApplicationTest]: class path resource [com/spring/example/Config101ApplicationTestContext.groovy] does not exist
19:52:21.181 [Test worker] INFO org.springframework.test.context.support.AbstractContextLoader - Could not detect default resource locations for test class [com.spring.example.Config101ApplicationTest]: no resource found for suffixes {-context.xml, Context.groovy}.
19:52:21.181 [Test worker] INFO org.springframework.test.context.support.AnnotationConfigContextLoaderUtils - Could not detect default configuration classes for test class [com.spring.example.Config101ApplicationTest]: Config101ApplicationTest does not declare any static, non-private, non-final, nested classes annotated with @Configuration.
19:52:21.227 [Test worker] DEBUG org.springframework.test.context.support.ActiveProfilesUtils - Could not find an 'annotation declaring class' for annotation type [org.springframework.test.context.ActiveProfiles] and class [com.spring.example.Config101ApplicationTest]
19:52:21.321 [Test worker] DEBUG org.springframework.context.annotation.ClassPathScanningCandidateComponentProvider - Identified candidate component class: file [/Users/kamel.ouzouigh/git/spring-examples/programmatic-bean-registration/build/classes/java/main/com/spring/example/Config101Application.class]
19:52:21.326 [Test worker] INFO org.springframework.boot.test.context.SpringBootTestContextBootstrapper - Found @SpringBootConfiguration com.spring.example.Config101Application for test class com.spring.example.Config101ApplicationTest
19:52:21.459 [Test worker] DEBUG org.springframework.boot.test.context.SpringBootTestContextBootstrapper - @TestExecutionListeners is not present for class [com.spring.example.Config101ApplicationTest]: using defaults.
19:52:21.459 [Test worker] INFO org.springframework.boot.test.context.SpringBootTestContextBootstrapper - Loaded default TestExecutionListener class names from location [META-INF/spring.factories]: [org.springframework.boot.test.autoconfigure.restdocs.RestDocsTestExecutionListener, org.springframework.boot.test.autoconfigure.web.client.MockRestServiceServerResetTestExecutionListener, org.springframework.boot.test.autoconfigure.web.servlet.MockMvcPrintOnlyOnFailureTestExecutionListener, org.springframework.boot.test.autoconfigure.web.servlet.WebDriverTestExecutionListener, org.springframework.boot.test.mock.mockito.MockitoTestExecutionListener, org.springframework.boot.test.mock.mockito.ResetMocksTestExecutionListener, org.springframework.test.context.web.ServletTestExecutionListener, org.springframework.test.context.support.DirtiesContextBeforeModesTestExecutionListener, org.springframework.test.context.support.DependencyInjectionTestExecutionListener, org.springframework.test.context.support.DirtiesContextTestExecutionListener, org.springframework.test.context.transaction.TransactionalTestExecutionListener, org.springframework.test.context.jdbc.SqlScriptsTestExecutionListener, org.springframework.test.context.event.EventPublishingTestExecutionListener]
19:52:21.476 [Test worker] DEBUG org.springframework.boot.test.context.SpringBootTestContextBootstrapper - Skipping candidate TestExecutionListener [org.springframework.test.context.web.ServletTestExecutionListener] due to a missing dependency. Specify custom listener classes or make the default listener classes and their required dependencies available. Offending class: [javax.servlet.ServletContext]
19:52:21.477 [Test worker] DEBUG org.springframework.boot.test.context.SpringBootTestContextBootstrapper - Skipping candidate TestExecutionListener [org.springframework.test.context.transaction.TransactionalTestExecutionListener] due to a missing dependency. Specify custom listener classes or make the default listener classes and their required dependencies available. Offending class: [org.springframework.transaction.interceptor.TransactionAttributeSource]
19:52:21.478 [Test worker] DEBUG org.springframework.boot.test.context.SpringBootTestContextBootstrapper - Skipping candidate TestExecutionListener [org.springframework.test.context.jdbc.SqlScriptsTestExecutionListener] due to a missing dependency. Specify custom listener classes or make the default listener classes and their required dependencies available. Offending class: [org.springframework.transaction.interceptor.TransactionAttribute]
19:52:21.478 [Test worker] INFO org.springframework.boot.test.context.SpringBootTestContextBootstrapper - Using TestExecutionListeners: [org.springframework.test.context.support.DirtiesContextBeforeModesTestExecutionListener@a342c2d, org.springframework.boot.test.mock.mockito.MockitoTestExecutionListener@c3badf56, org.springframework.boot.test.autoconfigure.SpringBootDependencyInjectionTestExecutionListener@b4f5ee94, org.springframework.test.context.support.DirtiesContextTestExecutionListener@88a9b812, org.springframework.test.context.event.EventPublishingTestExecutionListener@2167acd8, org.springframework.boot.test.autoconfigure.restdocs.RestDocsTestExecutionListener@eab23b54, org.springframework.boot.test.autoconfigure.web.client.MockRestServiceServerResetTestExecutionListener@97b3b2f4, org.springframework.boot.test.autoconfigure.web.servlet.MockMvcPrintOnlyOnFailureTestExecutionListener@62d15a56, org.springframework.boot.test.autoconfigure.web.servlet.WebDriverTestExecutionListener@c4eec164, org.springframework.boot.test.mock.mockito.ResetMocksTestExecutionListener@299fb5aa]
19:52:21.482 [Test worker] DEBUG org.springframework.test.context.support.AbstractDirtiesContextTestExecutionListener - Before test class: context [DefaultTestContext@5e187869 testClass = Config101ApplicationTest, testInstance = [null], testMethod = [null], testException = [null], mergedContextConfiguration = [MergedContextConfiguration@e5ef95c testClass = Config101ApplicationTest, locations = '{}', classes = '{class com.spring.example.Config101Application}', contextInitializerClasses = '[]', activeProfiles = '{}', propertySourceLocations = '{}', propertySourceProperties = '{org.springframework.boot.test.context.SpringBootTestContextBootstrapper=true}', contextCustomizers = set[org.springframework.boot.test.autoconfigure.properties.PropertyMappingContextCustomizer@0, org.springframework.boot.test.autoconfigure.web.servlet.WebDriverContextCustomizerFactory$Customizer@ded12e58, org.springframework.boot.test.context.filter.ExcludeFilterContextCustomizer@d0cc48d2, org.springframework.boot.test.json.DuplicateJsonObjectContextCustomizerFactory$DuplicateJsonObjectContextCustomizer@fc07b6a7, org.springframework.boot.test.mock.mockito.MockitoContextCustomizer@0, org.springframework.boot.test.web.client.TestRestTemplateContextCustomizer@5d0aff11, org.springframework.boot.test.context.SpringBootTestArgs@1], contextLoader = 'org.springframework.boot.test.context.SpringBootContextLoader', parent = [null]], attributes = map[[empty]]], class annotated with @DirtiesContext [false] with mode [null].
19:52:21.496 [Test worker] DEBUG org.springframework.test.context.support.DependencyInjectionTestExecutionListener - Performing dependency injection for test context [[DefaultTestContext@5e187869 testClass = Config101ApplicationTest, testInstance = com.spring.example.Config101ApplicationTest@e28a83c6, testMethod = [null], testException = [null], mergedContextConfiguration = [MergedContextConfiguration@e5ef95c testClass = Config101ApplicationTest, locations = '{}', classes = '{class com.spring.example.Config101Application}', contextInitializerClasses = '[]', activeProfiles = '{}', propertySourceLocations = '{}', propertySourceProperties = '{org.springframework.boot.test.context.SpringBootTestContextBootstrapper=true}', contextCustomizers = set[org.springframework.boot.test.autoconfigure.properties.PropertyMappingContextCustomizer@0, org.springframework.boot.test.autoconfigure.web.servlet.WebDriverContextCustomizerFactory$Customizer@ded12e58, org.springframework.boot.test.context.filter.ExcludeFilterContextCustomizer@d0cc48d2, org.springframework.boot.test.json.DuplicateJsonObjectContextCustomizerFactory$DuplicateJsonObjectContextCustomizer@fc07b6a7, org.springframework.boot.test.mock.mockito.MockitoContextCustomizer@0, org.springframework.boot.test.web.client.TestRestTemplateContextCustomizer@5d0aff11, org.springframework.boot.test.context.SpringBootTestArgs@1], contextLoader = 'org.springframework.boot.test.context.SpringBootContextLoader', parent = [null]], attributes = map[[empty]]]].
19:52:21.518 [Test worker] DEBUG org.springframework.test.context.support.TestPropertySourceUtils - Adding inlined properties to environment: {spring.jmx.enabled=false, org.springframework.boot.test.context.SpringBootTestContextBootstrapper=true, server.port=-1}

  .   ____          _            __ _ _
 /\\ / ___'_ __ _ _(_)_ __  __ _ \ \ \ \
( ( )\___ | '_ | '_| | '_ \/ _` | \ \ \ \
 \\/  ___)| |_)| | | | | || (_| |  ) ) ) )
  '  |____| .__|_| |_|_| |_\__, | / / / /
 =========|_|==============|___/=/_/_/_/
 :: Spring Boot ::        (v2.2.7.RELEASE)

2020-05-13 19:52:51.746  WARN 96107 --- [    Test worker] o.s.boot.StartupInfoLogger               : InetAddress.getLocalHost().getHostName() took 30012 milliseconds to respond. Please verify your network configuration (macOS machines may need to add entries to /etc/hosts).
2020-05-13 19:52:51.749  INFO 96107 --- [    Test worker] c.s.example.Config101ApplicationTest     : Starting Config101ApplicationTest on dsa201049 with PID 96107 (started by kamel.ouzouigh in /Users/kamel.ouzouigh/git/spring-examples/programmatic-bean-registration)
2020-05-13 19:52:51.750  INFO 96107 --- [    Test worker] c.s.example.Config101ApplicationTest     : No active profile set, falling back to default profiles: default
2020-05-13 19:52:52.255  INFO 96107 --- [    Test worker] c.s.example.Config101ApplicationTest     : Started Config101ApplicationTest in 30.735 seconds (JVM running for 32.44)
]]></system-out>
  <system-err><![CDATA[]]></system-err>
</testsuite>
